<?xml version="1.0" encoding="UTF-8"?>
<testng-results skipped="0" failed="0" ignored="0" total="2" passed="2">
  <reporter-output>
  </reporter-output>
  <suite name="Default suite" duration-ms="26349" started-at="2019-07-15T05:26:32Z" finished-at="2019-07-15T05:26:59Z">
    <groups>
    </groups>
    <test name="Default test" duration-ms="26349" started-at="2019-07-15T05:26:32Z" finished-at="2019-07-15T05:26:59Z">
      <class name="info.aripov.SeleniumFramework.LoginPageTest">
        <test-method status="PASS" signature="testTitle(java.lang.String, java.lang.String)[pri:0, instance:info.aripov.SeleniumFramework.LoginPageTest@3532ec19]" name="testTitle" duration-ms="14444" started-at="2019-07-15T05:26:33Z" data-provider="getData" finished-at="2019-07-15T05:26:47Z">
          <params>
            <param index="0">
              <value>
                <![CDATA[weblaruchun]]>
              </value>
            </param>
            <param index="1">
              <value>
                <![CDATA[passord]]>
              </value>
            </param>
          </params>
          <reporter-output>
          </reporter-output>
        </test-method> <!-- testTitle -->
        <test-method status="PASS" signature="testTitle(java.lang.String, java.lang.String)[pri:0, instance:info.aripov.SeleniumFramework.LoginPageTest@3532ec19]" name="testTitle" duration-ms="11699" started-at="2019-07-15T05:26:47Z" data-provider="getData" finished-at="2019-07-15T05:26:59Z">
          <params>
            <param index="0">
              <value>
                <![CDATA[weblaruchun2]]>
              </value>
            </param>
            <param index="1">
              <value>
                <![CDATA[passord]]>
              </value>
            </param>
          </params>
          <reporter-output>
          </reporter-output>
        </test-method> <!-- testTitle -->
      </class> <!-- info.aripov.SeleniumFramework.LoginPageTest -->
    </test> <!-- Default test -->
  </suite> <!-- Default suite -->
</testng-results>
