<?xml version="1.0" encoding="UTF-8" ?>
<testsuite tests="4" failures="1" name="TestSuite" time="7.241" errors="0" skipped="0">
  <properties>
[...]
</properties>
  <testcase classname="info.aripov.SeleniumFramework.AppTest" name="testApp" time="0.012"/>
  <testcase classname="info.aripov.SeleniumFramework.HomePageTest" name="testTitle" time="3.438"/>
  <testcase classname="info.aripov.SeleniumFramework.LoginPageTest" name="testLogin" time="3.783"/>
  <testcase classname="info.aripov.SeleniumFramework.LoginPageTest" name="testLink" time="0.008">
    <failure message="expected [true] but found [false]" type="java.lang.AssertionError">java.lang.AssertionError: expected [true] but found [false]
	at org.testng.Assert.fail(Assert.java:96)
	at org.testng.Assert.failNotEquals(Assert.java:776)
	at org.testng.Assert.assertTrue(Assert.java:44)
	at org.testng.Assert.assertTrue(Assert.java:54)
	at info.aripov.SeleniumFramework.LoginPageTest.testLink(LoginPageTest.java:65)
</failure>
  </testcase>
</testsuite>